<?xml version="1.0" encoding="UTF-8"?>
<testsuite xmlns:xsi="http://www.w3.org/2001/XMLSchema-instance" xsi:noNamespaceSchemaLocation="https://maven.apache.org/surefire/maven-surefire-plugin/xsd/surefire-test-report.xsd" name="CodiceFiscale.fiscalcode.FiscalCodeCheckerTest" time="0.001" tests="15" errors="0" skipped="0" failures="0">
  <properties>
[...]
</properties>
  <testcase name="shouldFailDay31OfAprilFemale" classname="CodiceFiscale.fiscalcode.FiscalCodeCheckerTest" time="0"/>
  <testcase name="shouldBeTooLong" classname="CodiceFiscale.fiscalcode.FiscalCodeCheckerTest" time="0"/>
  <testcase name="shouldFailInvalidPositionOfXInName" classname="CodiceFiscale.fiscalcode.FiscalCodeCheckerTest" time="0"/>
  <testcase name="shouldFailDay31OfApril" classname="CodiceFiscale.fiscalcode.FiscalCodeCheckerTest" time="0"/>
  <testcase name="shouldFailDayBelow1" classname="CodiceFiscale.fiscalcode.FiscalCodeCheckerTest" time="0"/>
  <testcase name="shouldBeValid" classname="CodiceFiscale.fiscalcode.FiscalCodeCheckerTest" time="0"/>
  <testcase name="shouldFailDayOver71" classname="CodiceFiscale.fiscalcode.FiscalCodeCheckerTest" time="0"/>
  <testcase name="shouldFailDayBetween32And40" classname="CodiceFiscale.fiscalcode.FiscalCodeCheckerTest" time="0"/>
  <testcase name="shouldFailDay29OfFebruaryFemale" classname="CodiceFiscale.fiscalcode.FiscalCodeCheckerTest" time="0"/>
  <testcase name="shouldFailInvalidControlChar" classname="CodiceFiscale.fiscalcode.FiscalCodeCheckerTest" time="0"/>
  <testcase name="shouldFailInvalidName" classname="CodiceFiscale.fiscalcode.FiscalCodeCheckerTest" time="0"/>
  <testcase name="shouldFailInvalidPositionOfXInSurname" classname="CodiceFiscale.fiscalcode.FiscalCodeCheckerTest" time="0"/>
  <testcase name="shouldFailDay29OfFebruary" classname="CodiceFiscale.fiscalcode.FiscalCodeCheckerTest" time="0"/>
  <testcase name="shouldBeTooShort" classname="CodiceFiscale.fiscalcode.FiscalCodeCheckerTest" time="0.001"/>
  <testcase name="shouldFailInvalidSurname" classname="CodiceFiscale.fiscalcode.FiscalCodeCheckerTest" time="0"/>
</testsuite>