<?xml version="1.0" encoding="UTF-8"?>
<testsuite xmlns:xsi="http://www.w3.org/2001/XMLSchema-instance" xsi:noNamespaceSchemaLocation="https://maven.apache.org/surefire/maven-surefire-plugin/xsd/surefire-test-report.xsd" name="CodiceFiscale.person.PersonTest" time="0.055" tests="15" errors="0" skipped="0" failures="0">
  <properties>
[...]
</properties>
  <testcase name="shouldFailToCreatePersonWithInvalidDayForNovember" classname="CodiceFiscale.person.PersonTest" time="0.022"/>
  <testcase name="shouldFailToCreatePersonWithInvalidMonth" classname="CodiceFiscale.person.PersonTest" time="0.001"/>
  <testcase name="shouldFailToCreatePersonWithOnlyOneConsonantAndNoVocals" classname="CodiceFiscale.person.PersonTest" time="0.001"/>
  <testcase name="shouldFailToCreatePersonBornInTheFutureByADay" classname="CodiceFiscale.person.PersonTest" time="0.015"/>
  <testcase name="shouldFailToCreatePersonBornInTheFutureByAMonth" classname="CodiceFiscale.person.PersonTest" time="0.002"/>
  <testcase name="shouldCreatePerson" classname="CodiceFiscale.person.PersonTest" time="0.001"/>
  <testcase name="shouldSucceedToCreatePerson29FebruaryInLeapYear" classname="CodiceFiscale.person.PersonTest" time="0.001"/>
  <testcase name="shouldFailToCreatePersonWithInvalidDayForJanuary" classname="CodiceFiscale.person.PersonTest" time="0.001"/>
  <testcase name="shouldFailToCreatePersonWithInvalidCharactersInSurname" classname="CodiceFiscale.person.PersonTest" time="0.001"/>
  <testcase name="shouldFailToCreatePersonWithInvalidCharactersInName" classname="CodiceFiscale.person.PersonTest" time="0"/>
  <testcase name="shouldFailToCreatePersonWithInvalidDayForFebruary" classname="CodiceFiscale.person.PersonTest" time="0"/>
  <testcase name="shouldSucceedToCreatePersonWithOnlyTwoVocals" classname="CodiceFiscale.person.PersonTest" time="0.001"/>
  <testcase name="shouldSucceedToCreatePersonWithOnlyOneConsonantAndOneVocal" classname="CodiceFiscale.person.PersonTest" time="0.001"/>
  <testcase name="shouldFailToCreatePersonBornInTheFutureByAYear" classname="CodiceFiscale.person.PersonTest" time="0.001"/>
  <testcase name="shouldFailToCreatePersonWithOnlyOneVocalAndNoConsonants" classname="CodiceFiscale.person.PersonTest" time="0.001"/>
</testsuite>